Build started 6/5/2023 10:42:44 PM.
     1>Project "D:\OS-lab-4-5\Eco.Lab4\MySimpleEcoOS\AssemblyFiles\BCM283x\gcc_7_5_0\MySimpleEcoOS.vcxproj" on node 2 (build target(s)).
     1>Build:
         make
         D:\lab4_materials\toolchain\gcc-linaro-7.5.0\\bin\\aarch64-elf-gcc -Wall -std=gnu89 -Wno-missing-braces -march=armv8-a+simd -mtune=cortex-a53 -mstrict-align -fno-tree-loop-vectorize -fno-tree-slp-vectorize -DECO_LIB -DECO_BCM283X -DUGUID_UTILITY -I ..\\..\\..\\HeaderFiles -I ..\\..\\..\\SharedFiles -I \\004.EcoOS\\Lessons\\Lesson08\\Eco.TaskScheduler1Lab\\SharedFiles -I \\004.EcoOS\\Lessons\\Lesson09\\Eco.MemoryManager1Lab\\SharedFiles -I D:\lab4_materials\Eco.Framework_20230409\Eco.Framework\\Eco.IPCC.Mailbox1\\SharedFiles -I D:\lab4_materials\Eco.Framework_20230409\Eco.Framework\\Eco.CGI1\\SharedFiles -I D:\lab4_materials\Eco.Framework_20230409\Eco.Framework\\Eco.VFB1\\SharedFiles -I D:\lab4_materials\Eco.Framework_20230409\Eco.Framework\\Eco.Core1\\SharedFiles -I D:\lab4_materials\Eco.Framework_20230409\Eco.Framework\\Eco.InterfaceBus1\\SharedFiles -I D:\lab4_materials\Eco.Framework_20230409\Eco.Framework\\Eco.Timer1\\SharedFiles -I D:\lab4_materials\Eco.Framework_20230409\Eco.Framework\\Eco.InterruptController1\\SharedFiles -I D:\lab4_materials\Eco.Framework_20230409\Eco.Framework\\Eco.TaskScheduler1\\SharedFiles -I D:\lab4_materials\Eco.Framework_20230409\Eco.Framework\\Eco.MemoryManager1\\SharedFiles -I D:\lab4_materials\Eco.Framework_20230409\Eco.Framework\\Eco.FileSystemManagement1\\SharedFiles -I D:\lab4_materials\Eco.Framework_20230409\Eco.Framework\\Eco.String1\\SharedFiles -I D:\OS-lab-4-5\Eco.Lab4\Eco.MemoryManager1Lab\SharedFiles -I D:\OS-lab-4-5\Eco.Lab4\Eco.TaskScheduler1Lab\SharedFiles -nostartfiles -ffreestanding -fno-asynchronous-unwind-tables -fomit-frame-pointer  -Wl,-Map,kernel.map -Wl,-T,startup.ld   -o kernel.elf ..\\..\\..\\SourceFiles\\MySimpleEcoOS.c ..\\..\\..\\SourceFiles\\entry.S -static -L ..\\..\\..\\BuildFiles\\BCM283x\\arm64-v8a\\StaticRelease -L \\004.EcoOS\\Lessons\\Lesson08\\Eco.TaskScheduler1Lab\\BuildFiles\\BCM283x\\arm64-v8a\\StaticRelease -L \\004.EcoOS\\Lessons\\Lesson09\\Eco.MemoryManager1Lab\\BuildFiles\\BCM283x\\arm64-v8a\\StaticRelease -L D:\lab4_materials\Eco.Framework_20230409\Eco.Framework\\Eco.IPCC.Mailbox1\\BuildFiles\\BCM283x\\arm64-v8a\\StaticRelease -L D:\lab4_materials\Eco.Framework_20230409\Eco.Framework\\Eco.VFB1\\BuildFiles\\BCM283x\\arm64-v8a\\StaticRelease -L D:\lab4_materials\Eco.Framework_20230409\Eco.Framework\\Eco.Timer1\\BuildFiles\\BCM283x\\arm64-v8a\\StaticRelease -L D:\lab4_materials\Eco.Framework_20230409\Eco.Framework\\Eco.InterruptController1\\BuildFiles\\BCM283x\\arm64-v8a\\StaticRelease -L D:\lab4_materials\Eco.Framework_20230409\Eco.Framework\\Eco.InterfaceBus1\\BuildFiles\\BCM283x\\arm64-v8a\\StaticRelease -L D:\lab4_materials\Eco.Framework_20230409\Eco.Framework\\Eco.TaskScheduler1\\BuildFiles\\BCM283x\\arm64-v8a\\StaticRelease -L D:\lab4_materials\Eco.Framework_20230409\Eco.Framework\\Eco.FileSystemManagement1\\BuildFiles\\BCM283x\\arm64-v8a\\StaticRelease -L D:\lab4_materials\Eco.Framework_20230409\Eco.Framework\\Eco.MemoryManager1\\BuildFiles\\BCM283x\\arm64-v8a\\StaticRelease -L D:\lab4_materials\Eco.Framework_20230409\Eco.Framework\\Eco.String1\\BuildFiles\\BCM283x\\arm64-v8a\\StaticRelease -L D:\OS-lab-4-5\Eco.Lab4\Eco.MemoryManager1Lab\BuildFiles\\BCM283x\\arm64-v8a\\StaticRelease -L D:\OS-lab-4-5\Eco.Lab4\Eco.TaskScheduler1Lab\BuildFiles\\BCM283x\\arm64-v8a\\StaticRelease -l0000000000000000000000004D656D31 -lF10BC39A4F2143CF8A1E104650A2C302 -l84CC0A7DBABD44EEBE749C9A8312D37E -l902ABA722D34417BB714322CC761620F -l8DB93F3DF5B947D4A67F7C100B569723 -l939B1DCDB6404F7D9C072291AF252188 -l00000000000000000000000042757331 -l81589BFED0B84B1194524BEE623E1838 -lc -lm -lgcc  
         ..\..\..\SourceFiles\MySimpleEcoOS.c: In function 'EcoMain':
         ..\..\..\SourceFiles\MySimpleEcoOS.c:300:45: warning: passing argument 2 of 'pITimer->pVTbl->set_IrqHandler' from incompatible pointer type [-Wincompatible-pointer-types]
              pITimer->pVTbl->set_IrqHandler(pITimer, TimerHandler);
                                                      ^~~~~~~~~~~~
         ..\..\..\SourceFiles\MySimpleEcoOS.c:300:45: note: expected 'void **' but argument is of type 'void (*)(void)'
         ..\..\..\SourceFiles\MySimpleEcoOS.c:149:21: warning: unused variable 'pIPriority' [-Wunused-variable]
           IEcoTaskPriority1* pIPriority = 0;
                              ^~~~~~~~~~
         ..\..\..\SourceFiles\MySimpleEcoOS.c:146:25: warning: unused variable 'pIVrtMem' [-Wunused-variable]
              IEcoVirtualMemory1* pIVrtMem = 0;
                                  ^~~~~~~~
     1>d:/lab4_materials/toolchain/gcc-linaro-7.5.0/bin/../lib/gcc/aarch64-elf/7.5.0/../../../../aarch64-elf/bin/ld.exe : warning : .note.gnu.build-id section discarded, --build-id ignored.
         D:\lab4_materials\toolchain\gcc-linaro-7.5.0\\bin\\aarch64-elf-objdump -d kernel.elf > kernel.list
         D:\lab4_materials\toolchain\gcc-linaro-7.5.0\\bin\\aarch64-elf-objcopy kernel.elf -O binary kernel8.img
         D:\lab4_materials\toolchain\gcc-linaro-7.5.0\\bin\\aarch64-elf-nm -n kernel.elf > kernel.map
     1>Done Building Project "D:\OS-lab-4-5\Eco.Lab4\MySimpleEcoOS\AssemblyFiles\BCM283x\gcc_7_5_0\MySimpleEcoOS.vcxproj" (build target(s)).

Build succeeded.

Time Elapsed 00:00:01.36
